2026-05-06 02:06:11 [INFO   ] ======================================================================
2026-05-06 02:06:11 [INFO   ] 源目录  : /Users/lishengsheng/Documents/铝合金代发
2026-05-06 02:06:11 [INFO   ] 输出目录: /Users/lishengsheng/tmp/_out
2026-05-06 02:06:11 [INFO   ] 日志文件: /Users/lishengsheng/tmp/_out/merge.log
2026-05-06 02:06:11 [INFO   ] ======================================================================
2026-05-06 02:06:11 [INFO   ] 
2026-05-06 02:06:11 [INFO   ] ---------- 处理 2 月 (共 7 个文件) ----------
2026-05-06 02:06:11 [INFO   ] 解析: 2.24做单表格-1铝合金杨.xls
2026-05-06 02:06:11 [DEBUG  ] [2.24做单表格-1铝合金杨.xls sheet#0] 形状=81, 已定位行数=81, 顺移=0, 丢弃=0
2026-05-06 02:06:11 [INFO   ] [2.24做单表格-1铝合金杨.xls sheet#0 '订单信息更新 (2)'] 数据行=81, 嵌入图片=81, 跳过空白=0  (BLIP仓库=49, 形状=81, 已定位=81)
2026-05-06 02:06:11 [INFO   ] 解析: 2.25做单表格-1杨(2).xls
2026-05-06 02:06:11 [DEBUG  ] [2.25做单表格-1杨(2).xls sheet#0] 形状=2, 已定位行数=2, 顺移=0, 丢弃=0
2026-05-06 02:06:11 [INFO   ] [2.25做单表格-1杨(2).xls sheet#0 '订单信息更新 (2)'] 数据行=2, 嵌入图片=2, 跳过空白=0  (BLIP仓库=2, 形状=2, 已定位=2)
2026-05-06 02:06:11 [INFO   ] 解析: 2.25做单表格-2杨(1).xls
2026-05-06 02:06:11 [DEBUG  ] [2.25做单表格-2杨(1).xls sheet#0] 形状=7, 已定位行数=7, 顺移=0, 丢弃=0
2026-05-06 02:06:11 [INFO   ] [2.25做单表格-2杨(1).xls sheet#0 '订单信息更新 (2)'] 数据行=7, 嵌入图片=7, 跳过空白=0  (BLIP仓库=6, 形状=7, 已定位=7)
2026-05-06 02:06:11 [INFO   ] 解析: 2.26做单表格-1杨(1).xls
2026-05-06 02:06:11 [DEBUG  ] [2.26做单表格-1杨(1).xls sheet#0] 形状=11, 已定位行数=11, 顺移=0, 丢弃=0
2026-05-06 02:06:11 [INFO   ] [2.26做单表格-1杨(1).xls sheet#0 '订单信息更新 (2)'] 数据行=11, 嵌入图片=11, 跳过空白=0  (BLIP仓库=11, 形状=11, 已定位=11)
2026-05-06 02:06:11 [INFO   ] 解析: 2.26做单表格-2杨(1).xls
2026-05-06 02:06:11 [DEBUG  ] [2.26做单表格-2杨(1).xls sheet#0] 形状=6, 已定位行数=6, 顺移=0, 丢弃=0
2026-05-06 02:06:11 [INFO   ] [2.26做单表格-2杨(1).xls sheet#0 '订单信息更新 (2)'] 数据行=6, 嵌入图片=6, 跳过空白=0  (BLIP仓库=5, 形状=6, 已定位=6)
2026-05-06 02:06:11 [INFO   ] 解析: 2.28做单表格-1杨.xls
2026-05-06 02:06:11 [DEBUG  ] [2.28做单表格-1杨.xls sheet#0] 形状=19, 已定位行数=19, 顺移=0, 丢弃=0
2026-05-06 02:06:11 [INFO   ] [2.28做单表格-1杨.xls sheet#0 '订单信息更新 (2)'] 数据行=19, 嵌入图片=19, 跳过空白=0  (BLIP仓库=14, 形状=19, 已定位=19)
2026-05-06 02:06:11 [INFO   ] 解析: 2.28做单表格-2杨(1).xls
2026-05-06 02:06:11 [DEBUG  ] [2.28做单表格-2杨(1).xls sheet#0] 形状=9, 已定位行数=9, 顺移=0, 丢弃=0
2026-05-06 02:06:11 [INFO   ] [2.28做单表格-2杨(1).xls sheet#0 '订单信息更新 (2)'] 数据行=9, 嵌入图片=9, 跳过空白=0  (BLIP仓库=8, 形状=9, 已定位=9)
2026-05-06 02:06:11 [INFO   ] 2 月: 7 个文件 (7 个 sheet), 135 条数据行 (去重前), 写入 2月汇总.xlsx
2026-05-06 02:06:12 [INFO   ] [2.28做单表格-1杨.xls] 第 11 行 快递单号=YT7606011770873 已存在, 跳过
2026-05-06 02:06:12 [INFO   ] 已写入 /Users/lishengsheng/tmp/_out/2月汇总.xlsx: 数据行=134, 嵌入图片=134, 去重跳过=1, 合并单元格已应用=6, 跳过=0, 唯一快递单号=130
2026-05-06 02:06:12 [INFO   ] 
2026-05-06 02:06:12 [INFO   ] ---------- 处理 3 月 (共 54 个文件) ----------
2026-05-06 02:06:12 [INFO   ] 解析: 3.1做单表格-1杨(3).xls
2026-05-06 02:06:12 [DEBUG  ] [3.1做单表格-1杨(3).xls sheet#0] 形状=17, 已定位行数=17, 顺移=0, 丢弃=0
2026-05-06 02:06:12 [INFO   ] [3.1做单表格-1杨(3).xls sheet#0 '订单信息更新 (2)'] 数据行=17, 嵌入图片=17, 跳过空白=0  (BLIP仓库=13, 形状=17, 已定位=17)
2026-05-06 02:06:12 [INFO   ] 解析: 3.1做单表格-2杨(1).xls
2026-05-06 02:06:12 [DEBUG  ] [3.1做单表格-2杨(1).xls sheet#0] 形状=7, 已定位行数=7, 顺移=0, 丢弃=0
2026-05-06 02:06:12 [INFO   ] [3.1做单表格-2杨(1).xls sheet#0 '订单信息更新 (2)'] 数据行=7, 嵌入图片=7, 跳过空白=0  (BLIP仓库=7, 形状=7, 已定位=7)
2026-05-06 02:06:12 [INFO   ] 解析: 3.2做单表格-1杨(1).xls
2026-05-06 02:06:12 [DEBUG  ] [3.2做单表格-1杨(1).xls sheet#0] 形状=25, 已定位行数=25, 顺移=0, 丢弃=0
2026-05-06 02:06:12 [INFO   ] [3.2做单表格-1杨(1).xls sheet#0 '订单信息更新 (2)'] 数据行=25, 嵌入图片=25, 跳过空白=0  (BLIP仓库=22, 形状=25, 已定位=25)
2026-05-06 02:06:12 [INFO   ] 解析: 3.2做单表格-2杨(3).xls
2026-05-06 02:06:12 [DEBUG  ] [3.2做单表格-2杨(3).xls sheet#0] 形状=11, 已定位行数=11, 顺移=0, 丢弃=0
2026-05-06 02:06:12 [INFO   ] [3.2做单表格-2杨(3).xls sheet#0 '订单信息更新 (2)'] 数据行=11, 嵌入图片=11, 跳过空白=0  (BLIP仓库=9, 形状=11, 已定位=11)
2026-05-06 02:06:12 [INFO   ] 解析: 3.3做单表格-2杨(3).xls
2026-05-06 02:06:12 [DEBUG  ] [3.3做单表格-2杨(3).xls sheet#0] 形状=25, 已定位行数=25, 顺移=0, 丢弃=0
2026-05-06 02:06:12 [DEBUG  ] [3.3做单表格-2杨(3).xls sheet#1] 形状=11, 已定位行数=11, 顺移=0, 丢弃=0
2026-05-06 02:06:12 [INFO   ] [3.3做单表格-2杨(3).xls sheet#0 '3.2做单表格-1杨'] 数据行=25, 嵌入图片=25, 跳过空白=0  (BLIP仓库=29, 形状=25, 已定位=25)
2026-05-06 02:06:12 [INFO   ] [3.3做单表格-2杨(3).xls sheet#1 '3.2做单表格-2杨'] 数据行=11, 嵌入图片=11, 跳过空白=0  (BLIP仓库=29, 形状=11, 已定位=11)
2026-05-06 02:06:12 [INFO   ] 解析: 3.3做单表格1.xls
2026-05-06 02:06:12 [DEBUG  ] [3.3做单表格1.xls sheet#0] 形状=81, 已定位行数=81, 顺移=0, 丢弃=0
2026-05-06 02:06:12 [DEBUG  ] [3.3做单表格1.xls sheet#1] 形状=2, 已定位行数=2, 顺移=0, 丢弃=0
2026-05-06 02:06:12 [DEBUG  ] [3.3做单表格1.xls sheet#2] 形状=7, 已定位行数=7, 顺移=0, 丢弃=0
2026-05-06 02:06:12 [DEBUG  ] [3.3做单表格1.xls sheet#3] 形状=11, 已定位行数=11, 顺移=0, 丢弃=0
2026-05-06 02:06:12 [DEBUG  ] [3.3做单表格1.xls sheet#4] 形状=6, 已定位行数=6, 顺移=0, 丢弃=0
2026-05-06 02:06:12 [DEBUG  ] [3.3做单表格1.xls sheet#5] 形状=14, 已定位行数=14, 顺移=0, 丢弃=0
2026-05-06 02:06:12 [DEBUG  ] [3.3做单表格1.xls sheet#6] 形状=5, 已定位行数=5, 顺移=0, 丢弃=0
2026-05-06 02:06:12 [DEBUG  ] [3.3做单表格1.xls sheet#7] 形状=19, 已定位行数=19, 顺移=0, 丢弃=0
2026-05-06 02:06:12 [DEBUG  ] [3.3做单表格1.xls sheet#8] 形状=9, 已定位行数=9, 顺移=0, 丢弃=0
2026-05-06 02:06:12 [DEBUG  ] [3.3做单表格1.xls sheet#9] 形状=17, 已定位行数=17, 顺移=0, 丢弃=0
2026-05-06 02:06:12 [WARNING] [3.3做单表格1.xls sheet#10] 第 2 行有 1 张多余图片, 后面 3 行均已占用, 已丢弃
2026-05-06 02:06:12 [WARNING] [3.3做单表格1.xls sheet#10] 第 3 行有 1 张多余图片, 后面 3 行均已占用, 已丢弃
2026-05-06 02:06:12 [WARNING] [3.3做单表格1.xls sheet#10] 第 4 行有 1 张多余图片, 后面 3 行均已占用, 已丢弃
2026-05-06 02:06:12 [WARNING] [3.3做单表格1.xls sheet#10] 第 5 行有 1 张多余图片, 后面 3 行均已占用, 已丢弃
2026-05-06 02:06:12 [WARNING] [3.3做单表格1.xls sheet#10] 第 6 行有 1 张多余图片, 后面 3 行均已占用, 已丢弃
2026-05-06 02:06:12 [WARNING] [3.3做单表格1.xls sheet#10] 第 7 行有 1 张多余图片, 后面 3 行均已占用, 已丢弃
2026-05-06 02:06:12 [WARNING] [3.3做单表格1.xls sheet#10] 第 8 行有 1 张多余图片, 后面 3 行均已占用, 已丢弃
2026-05-06 02:06:12 [DEBUG  ] [3.3做单表格1.xls sheet#10] 形状=24, 已定位行数=17, 顺移=0, 丢弃=7
2026-05-06 02:06:12 [DEBUG  ] [3.3做单表格1.xls sheet#11] 形状=25, 已定位行数=25, 顺移=0, 丢弃=0
2026-05-06 02:06:12 [DEBUG  ] [3.3做单表格1.xls sheet#12] 形状=11, 已定位行数=11, 顺移=0, 丢弃=0
2026-05-06 02:06:12 [DEBUG  ] [3.3做单表格1.xls sheet#13] 形状=21, 已定位行数=21, 顺移=0, 丢弃=0
2026-05-06 02:06:12 [INFO   ] [3.3做单表格1.xls sheet#0 '2.24做单表格-1杨'] 数据行=81, 嵌入图片=81, 跳过空白=0  (BLIP仓库=114, 形状=81, 已定位=81)
2026-05-06 02:06:12 [INFO   ] [3.3做单表格1.xls sheet#1 '2.25做单表格-1杨'] 数据行=2, 嵌入图片=2, 跳过空白=0  (BLIP仓库=114, 形状=2, 已定位=2)
2026-05-06 02:06:12 [INFO   ] [3.3做单表格1.xls sheet#2 '2.25做单表格-2杨'] 数据行=7, 嵌入图片=7, 跳过空白=0  (BLIP仓库=114, 形状=7, 已定位=7)
2026-05-06 02:06:12 [INFO   ] [3.3做单表格1.xls sheet#3 '2.26做单表格-1杨'] 数据行=11, 嵌入图片=11, 跳过空白=0  (BLIP仓库=114, 形状=11, 已定位=11)
2026-05-06 02:06:12 [INFO   ] [3.3做单表格1.xls sheet#4 '2.26做单表格-2杨'] 数据行=6, 嵌入图片=6, 跳过空白=0  (BLIP仓库=114, 形状=6, 已定位=6)
2026-05-06 02:06:12 [INFO   ] [3.3做单表格1.xls sheet#5 '2.27做单表格-1杨'] 数据行=14, 嵌入图片=14, 跳过空白=0  (BLIP仓库=114, 形状=14, 已定位=14)
2026-05-06 02:06:12 [INFO   ] [3.3做单表格1.xls sheet#6 '2.27做单表格-2杨'] 数据行=5, 嵌入图片=5, 跳过空白=0  (BLIP仓库=114, 形状=5, 已定位=5)
2026-05-06 02:06:12 [INFO   ] [3.3做单表格1.xls sheet#7 '2.28做单表格-1杨'] 数据行=19, 嵌入图片=19, 跳过空白=0  (BLIP仓库=114, 形状=19, 已定位=19)
2026-05-06 02:06:12 [INFO   ] [3.3做单表格1.xls sheet#8 '2.28做单表格-2杨'] 数据行=9, 嵌入图片=9, 跳过空白=0  (BLIP仓库=114, 形状=9, 已定位=9)
2026-05-06 02:06:12 [INFO   ] [3.3做单表格1.xls sheet#9 '3.1做单表格-1杨'] 数据行=17, 嵌入图片=17, 跳过空白=0  (BLIP仓库=114, 形状=17, 已定位=17)
2026-05-06 02:06:12 [WARNING] [3.3做单表格1.xls sheet#10 '3.1做单表格-2杨'] 图片锚点在 Excel 第 9 行, 已超出数据末尾 (Excel 8 行), 该图片被丢弃
2026-05-06 02:06:12 [WARNING] [3.3做单表格1.xls sheet#10 '3.1做单表格-2杨'] 图片锚点在 Excel 第 10 行, 已超出数据末尾 (Excel 8 行), 该图片被丢弃
2026-05-06 02:06:12 [WARNING] [3.3做单表格1.xls sheet#10 '3.1做单表格-2杨'] 图片锚点在 Excel 第 11 行, 已超出数据末尾 (Excel 8 行), 该图片被丢弃
2026-05-06 02:06:12 [WARNING] [3.3做单表格1.xls sheet#10 '3.1做单表格-2杨'] 图片锚点在 Excel 第 12 行, 已超出数据末尾 (Excel 8 行), 该图片被丢弃
2026-05-06 02:06:12 [WARNING] [3.3做单表格1.xls sheet#10 '3.1做单表格-2杨'] 图片锚点在 Excel 第 13 行, 已超出数据末尾 (Excel 8 行), 该图片被丢弃
2026-05-06 02:06:12 [WARNING] [3.3做单表格1.xls sheet#10 '3.1做单表格-2杨'] 图片锚点在 Excel 第 14 行, 已超出数据末尾 (Excel 8 行), 该图片被丢弃
2026-05-06 02:06:12 [WARNING] [3.3做单表格1.xls sheet#10 '3.1做单表格-2杨'] 图片锚点在 Excel 第 15 行, 已超出数据末尾 (Excel 8 行), 该图片被丢弃
2026-05-06 02:06:12 [WARNING] [3.3做单表格1.xls sheet#10 '3.1做单表格-2杨'] 图片锚点在 Excel 第 16 行, 已超出数据末尾 (Excel 8 行), 该图片被丢弃
2026-05-06 02:06:12 [WARNING] [3.3做单表格1.xls sheet#10 '3.1做单表格-2杨'] 图片锚点在 Excel 第 17 行, 已超出数据末尾 (Excel 8 行), 该图片被丢弃
2026-05-06 02:06:12 [WARNING] [3.3做单表格1.xls sheet#10 '3.1做单表格-2杨'] 图片锚点在 Excel 第 18 行, 已超出数据末尾 (Excel 8 行), 该图片被丢弃
2026-05-06 02:06:12 [INFO   ] [3.3做单表格1.xls sheet#10 '3.1做单表格-2杨'] 数据行=7, 嵌入图片=7, 跳过空白=0  (BLIP仓库=114, 形状=24, 已定位=7)
2026-05-06 02:06:12 [INFO   ] [3.3做单表格1.xls sheet#11 '3.2做单表格-1杨'] 数据行=25, 嵌入图片=25, 跳过空白=0  (BLIP仓库=114, 形状=25, 已定位=25)
2026-05-06 02:06:12 [INFO   ] [3.3做单表格1.xls sheet#12 '3.2做单表格-2杨'] 数据行=11, 嵌入图片=11, 跳过空白=0  (BLIP仓库=114, 形状=11, 已定位=11)
2026-05-06 02:06:12 [INFO   ] [3.3做单表格1.xls sheet#13 '3.3做单表格-1杨'] 数据行=21, 嵌入图片=21, 跳过空白=0  (BLIP仓库=114, 形状=21, 已定位=21)
2026-05-06 02:06:12 [INFO   ] 解析: 3.4做单表格-1杨.xls
2026-05-06 02:06:12 [DEBUG  ] [3.4做单表格-1杨.xls sheet#0] 形状=12, 已定位行数=12, 顺移=0, 丢弃=0
2026-05-06 02:06:12 [INFO   ] [3.4做单表格-1杨.xls sheet#0 '订单信息更新 (2)'] 数据行=12, 嵌入图片=12, 跳过空白=0  (BLIP仓库=8, 形状=12, 已定位=12)
2026-05-06 02:06:12 [INFO   ] 解析: 3.4做单表格-2杨.xls
2026-05-06 02:06:12 [DEBUG  ] [3.4做单表格-2杨.xls sheet#0] 形状=4, 已定位行数=4, 顺移=0, 丢弃=0
2026-05-06 02:06:12 [INFO   ] [3.4做单表格-2杨.xls sheet#0 '订单信息更新 (2)'] 数据行=4, 嵌入图片=4, 跳过空白=0  (BLIP仓库=4, 形状=4, 已定位=4)
2026-05-06 02:06:12 [INFO   ] 解析: 3.5做单表格-1杨(1).xls
2026-05-06 02:06:12 [DEBUG  ] [3.5做单表格-1杨(1).xls sheet#0] 形状=24, 已定位行数=24, 顺移=0, 丢弃=0
2026-05-06 02:06:12 [INFO   ] [3.5做单表格-1杨(1).xls sheet#0 '订单信息更新 (2)'] 数据行=24, 嵌入图片=24, 跳过空白=0  (BLIP仓库=19, 形状=24, 已定位=24)
2026-05-06 02:06:12 [INFO   ] 解析: 3.5做单表格-2杨.xls
2026-05-06 02:06:12 [DEBUG  ] [3.5做单表格-2杨.xls sheet#0] 形状=8, 已定位行数=8, 顺移=0, 丢弃=0
2026-05-06 02:06:12 [INFO   ] [3.5做单表格-2杨.xls sheet#0 '订单信息更新 (2)'] 数据行=8, 嵌入图片=8, 跳过空白=0  (BLIP仓库=5, 形状=8, 已定位=8)
2026-05-06 02:06:12 [INFO   ] 解析: 3.6做单表格-1杨.xls1.xls
2026-05-06 02:06:12 [DEBUG  ] [3.6做单表格-1杨.xls1.xls sheet#0] 形状=32, 已定位行数=32, 顺移=0, 丢弃=0
2026-05-06 02:06:12 [INFO   ] [3.6做单表格-1杨.xls1.xls sheet#0 '订单信息更新 (2)'] 数据行=33, 嵌入图片=32, 跳过空白=0  (BLIP仓库=17, 形状=32, 已定位=32)
2026-05-06 02:06:12 [INFO   ] 解析: 3.6做单表格-2杨.xls
2026-05-06 02:06:12 [DEBUG  ] [3.6做单表格-2杨.xls sheet#0] 形状=19, 已定位行数=19, 顺移=0, 丢弃=0
2026-05-06 02:06:12 [INFO   ] [3.6做单表格-2杨.xls sheet#0 '订单信息更新 (2)'] 数据行=19, 嵌入图片=19, 跳过空白=0  (BLIP仓库=14, 形状=19, 已定位=19)
2026-05-06 02:06:12 [INFO   ] 解析: 3.7做单表格-1杨.xls
2026-05-06 02:06:12 [DEBUG  ] [3.7做单表格-1杨.xls sheet#0] 形状=28, 已定位行数=28, 顺移=0, 丢弃=0
2026-05-06 02:06:12 [INFO   ] [3.7做单表格-1杨.xls sheet#0 '订单信息更新 (2)'] 数据行=28, 嵌入图片=28, 跳过空白=0  (BLIP仓库=14, 形状=28, 已定位=28)
2026-05-06 02:06:12 [INFO   ] 解析: 3.7做单表格-2杨.xls
2026-05-06 02:06:12 [DEBUG  ] [3.7做单表格-2杨.xls sheet#0] 形状=20, 已定位行数=20, 顺移=0, 丢弃=0
2026-05-06 02:06:12 [INFO   ] [3.7做单表格-2杨.xls sheet#0 '订单信息更新 (2)'] 数据行=20, 嵌入图片=20, 跳过空白=0  (BLIP仓库=11, 形状=20, 已定位=20)
2026-05-06 02:06:12 [INFO   ] 解析: 3.8做单表格-1杨.xls
2026-05-06 02:06:12 [DEBUG  ] [3.8做单表格-1杨.xls sheet#0] 形状=39, 已定位行数=39, 顺移=0, 丢弃=0
2026-05-06 02:06:12 [INFO   ] [3.8做单表格-1杨.xls sheet#0 '订单信息更新 (2)'] 数据行=39, 嵌入图片=39, 跳过空白=0  (BLIP仓库=22, 形状=39, 已定位=39)
2026-05-06 02:06:12 [INFO   ] 解析: 3.8做单表格-2杨.xls
2026-05-06 02:06:12 [DEBUG  ] [3.8做单表格-2杨.xls sheet#0] 形状=16, 已定位行数=16, 顺移=0, 丢弃=0
2026-05-06 02:06:12 [INFO   ] [3.8做单表格-2杨.xls sheet#0 '订单信息更新 (2)'] 数据行=16, 嵌入图片=16, 跳过空白=0  (BLIP仓库=9, 形状=16, 已定位=16)
2026-05-06 02:06:12 [INFO   ] 解析: 3.9做单表格-1杨(1).xls
2026-05-06 02:06:12 [DEBUG  ] [3.9做单表格-1杨(1).xls sheet#0] 形状=46, 已定位行数=46, 顺移=0, 丢弃=0
2026-05-06 02:06:12 [INFO   ] [3.9做单表格-1杨(1).xls sheet#0 '订单信息更新 (2)'] 数据行=46, 嵌入图片=46, 跳过空白=0  (BLIP仓库=19, 形状=46, 已定位=46)
2026-05-06 02:06:12 [INFO   ] 解析: 3.9做单表格-2杨.xls
2026-05-06 02:06:12 [DEBUG  ] [3.9做单表格-2杨.xls sheet#0] 形状=18, 已定位行数=18, 顺移=0, 丢弃=0
2026-05-06 02:06:12 [INFO   ] [3.9做单表格-2杨.xls sheet#0 '订单信息更新 (2)'] 数据行=18, 嵌入图片=18, 跳过空白=0  (BLIP仓库=11, 形状=18, 已定位=18)
2026-05-06 02:06:12 [INFO   ] 解析: 3.10做单表格-1杨(1).xls
2026-05-06 02:06:12 [DEBUG  ] [3.10做单表格-1杨(1).xls sheet#0] 形状=36, 已定位行数=36, 顺移=0, 丢弃=0
2026-05-06 02:06:12 [INFO   ] [3.10做单表格-1杨(1).xls sheet#0 '订单信息更新 (2)'] 数据行=36, 嵌入图片=36, 跳过空白=0  (BLIP仓库=23, 形状=36, 已定位=36)
2026-05-06 02:06:12 [INFO   ] 解析: 3.10做单表格-2杨(1).xls
2026-05-06 02:06:12 [DEBUG  ] [3.10做单表格-2杨(1).xls sheet#0] 形状=16, 已定位行数=16, 顺移=0, 丢弃=0
2026-05-06 02:06:12 [INFO   ] [3.10做单表格-2杨(1).xls sheet#0 '订单信息更新 (2)'] 数据行=16, 嵌入图片=16, 跳过空白=0  (BLIP仓库=11, 形状=16, 已定位=16)
2026-05-06 02:06:12 [INFO   ] 解析: 3.11做单表格-1杨(2).xls
2026-05-06 02:06:12 [DEBUG  ] [3.11做单表格-1杨(2).xls sheet#0] 形状=51, 已定位行数=51, 顺移=0, 丢弃=0
2026-05-06 02:06:12 [INFO   ] [3.11做单表格-1杨(2).xls sheet#0 '订单信息更新 (2)'] 数据行=52, 嵌入图片=51, 跳过空白=0  (BLIP仓库=20, 形状=51, 已定位=51)
2026-05-06 02:06:12 [INFO   ] 解析: 3.11做单表格-2杨(1).xls
2026-05-06 02:06:12 [DEBUG  ] [3.11做单表格-2杨(1).xls sheet#0] 形状=24, 已定位行数=24, 顺移=0, 丢弃=0
2026-05-06 02:06:12 [INFO   ] [3.11做单表格-2杨(1).xls sheet#0 '订单信息更新 (2)'] 数据行=24, 嵌入图片=24, 跳过空白=0  (BLIP仓库=17, 形状=24, 已定位=24)
2026-05-06 02:06:12 [INFO   ] 解析: 3.12做单表格-1杨(1)(1).xls
2026-05-06 02:06:12 [DEBUG  ] [3.12做单表格-1杨(1)(1).xls sheet#0] 形状=40, 已定位行数=40, 顺移=0, 丢弃=0
2026-05-06 02:06:12 [INFO   ] [3.12做单表格-1杨(1)(1).xls sheet#0 '订单信息更新 (2)'] 数据行=40, 嵌入图片=40, 跳过空白=0  (BLIP仓库=20, 形状=40, 已定位=40)
2026-05-06 02:06:12 [INFO   ] 解析: 3.13做单表格-1杨(1).xls
2026-05-06 02:06:12 [DEBUG  ] [3.13做单表格-1杨(1).xls sheet#0] 形状=46, 已定位行数=46, 顺移=0, 丢弃=0
2026-05-06 02:06:12 [INFO   ] [3.13做单表格-1杨(1).xls sheet#0 '订单信息更新 (2)'] 数据行=48, 嵌入图片=46, 跳过空白=0  (BLIP仓库=22, 形状=46, 已定位=46)
2026-05-06 02:06:12 [INFO   ] 解析: 3.13做单表格-2杨(3).xls
2026-05-06 02:06:12 [DEBUG  ] [3.13做单表格-2杨(3).xls sheet#0] 形状=16, 已定位行数=16, 顺移=0, 丢弃=0
2026-05-06 02:06:12 [INFO   ] [3.13做单表格-2杨(3).xls sheet#0 '订单信息更新 (2)'] 数据行=16, 嵌入图片=16, 跳过空白=0  (BLIP仓库=14, 形状=16, 已定位=16)
2026-05-06 02:06:12 [INFO   ] 解析: 3.14做单表格-1杨(1).xls
2026-05-06 02:06:13 [DEBUG  ] [3.14做单表格-1杨(1).xls sheet#0] 形状=35, 已定位行数=35, 顺移=0, 丢弃=0
2026-05-06 02:06:13 [INFO   ] [3.14做单表格-1杨(1).xls sheet#0 '订单信息更新 (2)'] 数据行=35, 嵌入图片=35, 跳过空白=0  (BLIP仓库=17, 形状=35, 已定位=35)
2026-05-06 02:06:13 [INFO   ] 解析: 3.14做单表格-2杨(3).xls
2026-05-06 02:06:13 [DEBUG  ] [3.14做单表格-2杨(3).xls sheet#0] 形状=19, 已定位行数=19, 顺移=0, 丢弃=0
2026-05-06 02:06:13 [INFO   ] [3.14做单表格-2杨(3).xls sheet#0 '订单信息更新 (2)'] 数据行=19, 嵌入图片=19, 跳过空白=0  (BLIP仓库=13, 形状=19, 已定位=19)
2026-05-06 02:06:13 [INFO   ] 解析: 3.15做单表格-1杨(1).xls
2026-05-06 02:06:13 [DEBUG  ] [3.15做单表格-1杨(1).xls sheet#0] 形状=51, 已定位行数=51, 顺移=0, 丢弃=0
2026-05-06 02:06:13 [INFO   ] [3.15做单表格-1杨(1).xls sheet#0 '订单信息更新 (2)'] 数据行=51, 嵌入图片=51, 跳过空白=0  (BLIP仓库=29, 形状=51, 已定位=51)
2026-05-06 02:06:13 [INFO   ] 解析: 3.15做单表格-2杨(1).xls
2026-05-06 02:06:13 [DEBUG  ] [3.15做单表格-2杨(1).xls sheet#0] 形状=22, 已定位行数=22, 顺移=0, 丢弃=0
2026-05-06 02:06:13 [INFO   ] [3.15做单表格-2杨(1).xls sheet#0 '订单信息更新 (2)'] 数据行=23, 嵌入图片=22, 跳过空白=0  (BLIP仓库=12, 形状=22, 已定位=22)
2026-05-06 02:06:13 [INFO   ] 解析: 3.16做单表格-1杨.xls
2026-05-06 02:06:13 [DEBUG  ] [3.16做单表格-1杨.xls sheet#0] 形状=68, 已定位行数=68, 顺移=0, 丢弃=0
2026-05-06 02:06:13 [INFO   ] [3.16做单表格-1杨.xls sheet#0 '订单信息更新 (2)'] 数据行=70, 嵌入图片=68, 跳过空白=0  (BLIP仓库=31, 形状=68, 已定位=68)
2026-05-06 02:06:13 [INFO   ] 解析: 3.16做单表格-2杨.xls
2026-05-06 02:06:13 [DEBUG  ] [3.16做单表格-2杨.xls sheet#0] 形状=30, 已定位行数=30, 顺移=0, 丢弃=0
2026-05-06 02:06:13 [INFO   ] [3.16做单表格-2杨.xls sheet#0 '订单信息更新 (2)'] 数据行=30, 嵌入图片=30, 跳过空白=0  (BLIP仓库=21, 形状=30, 已定位=30)
2026-05-06 02:06:13 [INFO   ] 解析: 3.17做单表格-1杨(2).xls
2026-05-06 02:06:13 [DEBUG  ] [3.17做单表格-1杨(2).xls sheet#0] 形状=55, 已定位行数=55, 顺移=0, 丢弃=0
2026-05-06 02:06:13 [INFO   ] [3.17做单表格-1杨(2).xls sheet#0 '订单信息更新 (2)'] 数据行=58, 嵌入图片=55, 跳过空白=0  (BLIP仓库=25, 形状=55, 已定位=55)
2026-05-06 02:06:13 [INFO   ] 解析: 3.17做单表格-2杨(2).xls
2026-05-06 02:06:13 [WARNING] [3.17做单表格-2杨(2).xls sheet#0] 第 27 行有 1 张多余图片, 后面 3 行均已占用, 已丢弃
2026-05-06 02:06:13 [DEBUG  ] [3.17做单表格-2杨(2).xls sheet#0] 形状=48, 已定位行数=47, 顺移=0, 丢弃=1
2026-05-06 02:06:13 [INFO   ] [3.17做单表格-2杨(2).xls sheet#0 '订单信息更新 (2)'] 数据行=47, 嵌入图片=47, 跳过空白=0  (BLIP仓库=25, 形状=48, 已定位=47)
2026-05-06 02:06:13 [INFO   ] 解析: 3.18做单表格-1杨(2).xls
2026-05-06 02:06:13 [DEBUG  ] [3.18做单表格-1杨(2).xls sheet#0] 形状=61, 已定位行数=61, 顺移=0, 丢弃=0
2026-05-06 02:06:13 [INFO   ] [3.18做单表格-1杨(2).xls sheet#0 '订单信息更新 (2)'] 数据行=61, 嵌入图片=61, 跳过空白=0  (BLIP仓库=25, 形状=61, 已定位=61)
2026-05-06 02:06:13 [INFO   ] 解析: 3.18做单表格-2杨(2).xls
2026-05-06 02:06:13 [DEBUG  ] [3.18做单表格-2杨(2).xls sheet#0] 形状=29, 已定位行数=29, 顺移=0, 丢弃=0
2026-05-06 02:06:13 [INFO   ] [3.18做单表格-2杨(2).xls sheet#0 '订单信息更新 (2)'] 数据行=29, 嵌入图片=29, 跳过空白=0  (BLIP仓库=16, 形状=29, 已定位=29)
2026-05-06 02:06:13 [INFO   ] 解析: 3.19做单表格-1杨(2).xls
2026-05-06 02:06:13 [DEBUG  ] [3.19做单表格-1杨(2).xls sheet#0] 形状=78, 已定位行数=78, 顺移=0, 丢弃=0
2026-05-06 02:06:13 [INFO   ] [3.19做单表格-1杨(2).xls sheet#0 '订单信息更新 (2)'] 数据行=79, 嵌入图片=78, 跳过空白=0  (BLIP仓库=34, 形状=78, 已定位=78)
2026-05-06 02:06:13 [INFO   ] 解析: 3.19做单表格-2杨(2).xls
2026-05-06 02:06:13 [DEBUG  ] [3.19做单表格-2杨(2).xls sheet#0] 形状=52, 已定位行数=52, 顺移=0, 丢弃=0
2026-05-06 02:06:13 [INFO   ] [3.19做单表格-2杨(2).xls sheet#0 '订单信息更新 (2)'] 数据行=52, 嵌入图片=52, 跳过空白=0  (BLIP仓库=24, 形状=52, 已定位=52)
2026-05-06 02:06:13 [INFO   ] 解析: 3.20做单表格-1杨.xls
2026-05-06 02:06:13 [WARNING] [3.20做单表格-1杨.xls sheet#0] 第 9 行有 2 张多余图片, 后面 3 行均已占用, 已丢弃
2026-05-06 02:06:13 [DEBUG  ] [3.20做单表格-1杨.xls sheet#0] 形状=53, 已定位行数=51, 顺移=0, 丢弃=2
2026-05-06 02:06:13 [INFO   ] [3.20做单表格-1杨.xls sheet#0 '订单信息更新 (2)'] 数据行=52, 嵌入图片=51, 跳过空白=0  (BLIP仓库=32, 形状=53, 已定位=51)
2026-05-06 02:06:13 [INFO   ] 解析: 3.20做单表格-2杨.xls
2026-05-06 02:06:13 [DEBUG  ] [3.20做单表格-2杨.xls sheet#0] 形状=11, 已定位行数=11, 顺移=0, 丢弃=0
2026-05-06 02:06:13 [INFO   ] [3.20做单表格-2杨.xls sheet#0 '订单信息更新 (2)'] 数据行=11, 嵌入图片=11, 跳过空白=0  (BLIP仓库=10, 形状=11, 已定位=11)
2026-05-06 02:06:13 [WARNING] [3.20做单表格-2杨.xls sheet#1 'Sheet1'] 是空的, 跳过
2026-05-06 02:06:13 [INFO   ] 解析: 3.21做单表格-1杨.xls
2026-05-06 02:06:13 [DEBUG  ] [3.21做单表格-1杨.xls sheet#0] 形状=14, 已定位行数=14, 顺移=0, 丢弃=0
2026-05-06 02:06:13 [INFO   ] [3.21做单表格-1杨.xls sheet#0 '订单信息更新 (2)'] 数据行=14, 嵌入图片=14, 跳过空白=0  (BLIP仓库=9, 形状=14, 已定位=14)
2026-05-06 02:06:13 [INFO   ] 解析: 3.21做单表格-2杨.xls
2026-05-06 02:06:13 [DEBUG  ] [3.21做单表格-2杨.xls sheet#0] 形状=6, 已定位行数=6, 顺移=0, 丢弃=0
2026-05-06 02:06:13 [INFO   ] [3.21做单表格-2杨.xls sheet#0 '订单信息更新 (2)'] 数据行=6, 嵌入图片=6, 跳过空白=0  (BLIP仓库=5, 形状=6, 已定位=6)
2026-05-06 02:06:13 [INFO   ] 解析: 3.22做单表格-1杨.xls
2026-05-06 02:06:13 [DEBUG  ] [3.22做单表格-1杨.xls sheet#0] 形状=10, 已定位行数=10, 顺移=0, 丢弃=0
2026-05-06 02:06:13 [INFO   ] [3.22做单表格-1杨.xls sheet#0 '订单信息更新 (2)'] 数据行=11, 嵌入图片=10, 跳过空白=0  (BLIP仓库=8, 形状=10, 已定位=10)
2026-05-06 02:06:13 [INFO   ] 解析: 3.22做单表格-2杨(1).xls
2026-05-06 02:06:13 [DEBUG  ] [3.22做单表格-2杨(1).xls sheet#0] 形状=8, 已定位行数=8, 顺移=0, 丢弃=0
2026-05-06 02:06:13 [INFO   ] [3.22做单表格-2杨(1).xls sheet#0 '订单信息更新 (2)'] 数据行=8, 嵌入图片=8, 跳过空白=0  (BLIP仓库=7, 形状=8, 已定位=8)
2026-05-06 02:06:13 [INFO   ] 解析: 3.23做单表格-1杨(2).xls
2026-05-06 02:06:13 [DEBUG  ] [3.23做单表格-1杨(2).xls sheet#0] 形状=11, 已定位行数=11, 顺移=0, 丢弃=0
2026-05-06 02:06:13 [INFO   ] [3.23做单表格-1杨(2).xls sheet#0 '订单信息更新 (2)'] 数据行=11, 嵌入图片=11, 跳过空白=0  (BLIP仓库=9, 形状=11, 已定位=11)
2026-05-06 02:06:13 [INFO   ] 解析: 3.23做单表格-2杨(2).xls
2026-05-06 02:06:13 [DEBUG  ] [3.23做单表格-2杨(2).xls sheet#0] 形状=5, 已定位行数=5, 顺移=0, 丢弃=0
2026-05-06 02:06:13 [INFO   ] [3.23做单表格-2杨(2).xls sheet#0 '订单信息更新 (2)'] 数据行=5, 嵌入图片=5, 跳过空白=0  (BLIP仓库=3, 形状=5, 已定位=5)
2026-05-06 02:06:13 [INFO   ] 解析: 3.24做单表格-1杨(2).xls
2026-05-06 02:06:13 [DEBUG  ] [3.24做单表格-1杨(2).xls sheet#0] 形状=9, 已定位行数=9, 顺移=0, 丢弃=0
2026-05-06 02:06:13 [INFO   ] [3.24做单表格-1杨(2).xls sheet#0 '订单信息更新 (2)'] 数据行=10, 嵌入图片=9, 跳过空白=0  (BLIP仓库=8, 形状=9, 已定位=9)
2026-05-06 02:06:13 [INFO   ] 解析: 3.24做单表格-2杨(3).xls
2026-05-06 02:06:13 [DEBUG  ] [3.24做单表格-2杨(3).xls sheet#0] 形状=7, 已定位行数=7, 顺移=0, 丢弃=0
2026-05-06 02:06:13 [INFO   ] [3.24做单表格-2杨(3).xls sheet#0 '订单信息更新 (2)'] 数据行=7, 嵌入图片=7, 跳过空白=0  (BLIP仓库=5, 形状=7, 已定位=7)
2026-05-06 02:06:13 [INFO   ] 解析: 3.25做单表格-杨(4).xls
2026-05-06 02:06:13 [DEBUG  ] [3.25做单表格-杨(4).xls sheet#0] 形状=17, 已定位行数=17, 顺移=0, 丢弃=0
2026-05-06 02:06:13 [INFO   ] [3.25做单表格-杨(4).xls sheet#0 '订单信息更新 (2)'] 数据行=18, 嵌入图片=17, 跳过空白=0  (BLIP仓库=11, 形状=17, 已定位=17)
2026-05-06 02:06:13 [INFO   ] 解析: 3.26做单表格-杨(5).xls
2026-05-06 02:06:13 [DEBUG  ] [3.26做单表格-杨(5).xls sheet#0] 形状=9, 已定位行数=9, 顺移=0, 丢弃=0
2026-05-06 02:06:13 [INFO   ] [3.26做单表格-杨(5).xls sheet#0 '订单信息更新 (2)'] 数据行=9, 嵌入图片=9, 跳过空白=0  (BLIP仓库=4, 形状=9, 已定位=9)
2026-05-06 02:06:13 [INFO   ] 解析: 3.27做单表格-杨(3).xls
2026-05-06 02:06:13 [DEBUG  ] [3.27做单表格-杨(3).xls sheet#0] 形状=13, 已定位行数=13, 顺移=0, 丢弃=0
2026-05-06 02:06:13 [INFO   ] [3.27做单表格-杨(3).xls sheet#0 '订单信息更新 (2)'] 数据行=13, 嵌入图片=13, 跳过空白=0  (BLIP仓库=6, 形状=13, 已定位=13)
2026-05-06 02:06:13 [INFO   ] 解析: 3.28做单表格-杨(2).xls
2026-05-06 02:06:13 [DEBUG  ] [3.28做单表格-杨(2).xls sheet#0] 形状=7, 已定位行数=7, 顺移=0, 丢弃=0
2026-05-06 02:06:13 [INFO   ] [3.28做单表格-杨(2).xls sheet#0 '订单信息更新 (2)'] 数据行=9, 嵌入图片=7, 跳过空白=0  (BLIP仓库=5, 形状=7, 已定位=7)
2026-05-06 02:06:13 [INFO   ] 解析: 3.29做单表格-杨(4).xls
2026-05-06 02:06:13 [DEBUG  ] [3.29做单表格-杨(4).xls sheet#0] 形状=6, 已定位行数=6, 顺移=0, 丢弃=0
2026-05-06 02:06:13 [INFO   ] [3.29做单表格-杨(4).xls sheet#0 '订单信息更新 (2)'] 数据行=6, 嵌入图片=6, 跳过空白=0  (BLIP仓库=4, 形状=6, 已定位=6)
2026-05-06 02:06:13 [INFO   ] 解析: 3.30做单表格-杨(5).xls
2026-05-06 02:06:13 [DEBUG  ] [3.30做单表格-杨(5).xls sheet#0] 形状=12, 已定位行数=12, 顺移=0, 丢弃=0
2026-05-06 02:06:13 [INFO   ] [3.30做单表格-杨(5).xls sheet#0 '订单信息更新 (2)'] 数据行=12, 嵌入图片=12, 跳过空白=0  (BLIP仓库=4, 形状=12, 已定位=12)
2026-05-06 02:06:13 [INFO   ] 解析: 3.31做单表格-2杨(1).xls
2026-05-06 02:06:13 [DEBUG  ] [3.31做单表格-2杨(1).xls sheet#0] 形状=12, 已定位行数=12, 顺移=0, 丢弃=0
2026-05-06 02:06:13 [INFO   ] [3.31做单表格-2杨(1).xls sheet#0 '订单信息更新 (2)'] 数据行=12, 嵌入图片=12, 跳过空白=0  (BLIP仓库=7, 形状=12, 已定位=12)
2026-05-06 02:06:13 [INFO   ] 3 月: 54 个文件 (68 个 sheet), 1598 条数据行 (去重前), 写入 3月汇总.xlsx
2026-05-06 02:06:13 [INFO   ] [3.3做单表格-2杨(3).xls / 3.2做单表格-1杨] 第 2 行 快递单号=SF5128531162937 已存在, 跳过
2026-05-06 02:06:13 [INFO   ] [3.3做单表格-2杨(3).xls / 3.2做单表格-1杨] 第 3 行 快递单号=SF5128531368228 已存在, 跳过
2026-05-06 02:06:13 [INFO   ] [3.3做单表格-2杨(3).xls / 3.2做单表格-1杨] 第 4 行 快递单号=SF5104125174714 已存在, 跳过
2026-05-06 02:06:13 [INFO   ] [3.3做单表格-2杨(3).xls / 3.2做单表格-1杨] 第 5 行 快递单号=SF5128531527807 已存在, 跳过
2026-05-06 02:06:13 [INFO   ] [3.3做单表格-2杨(3).xls / 3.2做单表格-1杨] 第 6 行 快递单号=SF5128533707853 已存在, 跳过
2026-05-06 02:06:13 [INFO   ] [3.3做单表格-2杨(3).xls / 3.2做单表格-1杨] 第 7 行 快递单号=SF5104125939462 已存在, 跳过
2026-05-06 02:06:13 [INFO   ] [3.3做单表格-2杨(3).xls / 3.2做单表格-1杨] 第 8 行 快递单号=YT7606199773444 已存在, 跳过
2026-05-06 02:06:13 [INFO   ] [3.3做单表格-2杨(3).xls / 3.2做单表格-1杨] 第 9 行 快递单号=SF5104125985254 已存在, 跳过
2026-05-06 02:06:13 [INFO   ] [3.3做单表格-2杨(3).xls / 3.2做单表格-1杨] 第 10 行 快递单号=YT7606200026031 已存在, 跳过
2026-05-06 02:06:13 [INFO   ] [3.3做单表格-2杨(3).xls / 3.2做单表格-1杨] 第 11 行 快递单号=YT7606198628163 已存在, 跳过
2026-05-06 02:06:13 [INFO   ] [3.3做单表格-2杨(3).xls / 3.2做单表格-1杨] 第 12 行 快递单号=YT7606200130240 已存在, 跳过
2026-05-06 02:06:13 [INFO   ] [3.3做单表格-2杨(3).xls / 3.2做单表格-1杨] 第 13 行 快递单号=SF5128535648862 已存在, 跳过
2026-05-06 02:06:13 [INFO   ] [3.3做单表格-2杨(3).xls / 3.2做单表格-1杨] 第 14 行 快递单号=YT7606200921581 已存在, 跳过
2026-05-06 02:06:13 [INFO   ] [3.3做单表格-2杨(3).xls / 3.2做单表格-1杨] 第 15 行 快递单号=YT7606202008778 已存在, 跳过
2026-05-06 02:06:13 [INFO   ] [3.3做单表格-2杨(3).xls / 3.2做单表格-1杨] 第 16 行 快递单号=YT7606203041332
 已存在, 跳过
2026-05-06 02:06:13 [INFO   ] [3.3做单表格-2杨(3).xls / 3.2做单表格-1杨] 第 17 行 快递单号=YT7606203125447
 已存在, 跳过
2026-05-06 02:06:13 [INFO   ] [3.3做单表格-2杨(3).xls / 3.2做单表格-1杨] 第 18 行 快递单号=YT7606201481860
 已存在, 跳过
2026-05-06 02:06:13 [INFO   ] [3.3做单表格-2杨(3).xls / 3.2做单表格-1杨] 第 19 行 快递单号=SF5104123158032
 已存在, 跳过
2026-05-06 02:06:13 [INFO   ] [3.3做单表格-2杨(3).xls / 3.2做单表格-1杨] 第 20 行 快递单号=YT7606201415461 已存在, 跳过
2026-05-06 02:06:13 [INFO   ] [3.3做单表格-2杨(3).xls / 3.2做单表格-1杨] 第 21 行 快递单号=YT7606202352330
 已存在, 跳过
2026-05-06 02:06:13 [INFO   ] [3.3做单表格-2杨(3).xls / 3.2做单表格-1杨] 第 22 行 快递单号=YT7606201804670
 已存在, 跳过
2026-05-06 02:06:13 [INFO   ] [3.3做单表格-2杨(3).xls / 3.2做单表格-1杨] 第 23 行 快递单号=SF5104123999212
 已存在, 跳过
2026-05-06 02:06:13 [INFO   ] [3.3做单表格-2杨(3).xls / 3.2做单表格-1杨] 第 24 行 快递单号=YT7606201740565
 已存在, 跳过
2026-05-06 02:06:13 [INFO   ] [3.3做单表格-2杨(3).xls / 3.2做单表格-1杨] 第 25 行 快递单号=SF5128557522567
 已存在, 跳过
2026-05-06 02:06:13 [INFO   ] [3.3做单表格-2杨(3).xls / 3.2做单表格-1杨] 第 26 行 快递单号=YT7606199081859 已存在, 跳过
2026-05-06 02:06:14 [INFO   ] [3.3做单表格1.xls / 2.27做单表格-1杨] 第 3 行 快递单号=SF5102876905889 已存在, 跳过
2026-05-06 02:06:14 [INFO   ] [3.3做单表格1.xls / 2.27做单表格-1杨] 第 4 行 快递单号=SF5102876905889 已存在, 跳过
2026-05-06 02:06:14 [INFO   ] [3.3做单表格1.xls / 2.27做单表格-1杨] 第 5 行 快递单号=SF5102876905889 已存在, 跳过
2026-05-06 02:06:14 [INFO   ] [3.3做单表格1.xls / 2.27做单表格-1杨] 第 6 行 快递单号=SF5102876905889 已存在, 跳过
2026-05-06 02:06:14 [INFO   ] [3.3做单表格1.xls / 2.27做单表格-1杨] 第 7 行 快递单号=SF5102876905889 已存在, 跳过
2026-05-06 02:06:14 [INFO   ] [3.3做单表格1.xls / 2.28做单表格-1杨] 第 11 行 快递单号=YT7606011770873 已存在, 跳过
2026-05-06 02:06:15 [INFO   ] [3.3做单表格1.xls / 3.1做单表格-1杨] 第 2 行 快递单号=YT7606018004162 已存在, 跳过
2026-05-06 02:06:15 [INFO   ] [3.3做单表格1.xls / 3.1做单表格-1杨] 第 3 行 快递单号=SF5128335666994 已存在, 跳过
2026-05-06 02:06:15 [INFO   ] [3.3做单表格1.xls / 3.1做单表格-1杨] 第 4 行 快递单号=SF5104390700055 已存在, 跳过
2026-05-06 02:06:15 [INFO   ] [3.3做单表格1.xls / 3.1做单表格-1杨] 第 5 行 快递单号=SF5104390406477 已存在, 跳过
2026-05-06 02:06:15 [INFO   ] [3.3做单表格1.xls / 3.1做单表格-1杨] 第 6 行 快递单号=
SF5104399630558 已存在, 跳过
2026-05-06 02:06:15 [INFO   ] [3.3做单表格1.xls / 3.1做单表格-1杨] 第 7 行 快递单号=



SF5104399118462 已存在, 跳过
2026-05-06 02:06:15 [INFO   ] [3.3做单表格1.xls / 3.1做单表格-1杨] 第 8 行 快递单号=SF5104399712701 已存在, 跳过
2026-05-06 02:06:15 [INFO   ] [3.3做单表格1.xls / 3.1做单表格-1杨] 第 9 行 快递单号=

SF5104399820061 已存在, 跳过
2026-05-06 02:06:15 [INFO   ] [3.3做单表格1.xls / 3.1做单表格-1杨] 第 10 行 快递单号=YT7606019354620 已存在, 跳过
2026-05-06 02:06:15 [INFO   ] [3.3做单表格1.xls / 3.1做单表格-1杨] 第 11 行 快递单号=SF5128357132687 已存在, 跳过
2026-05-06 02:06:15 [INFO   ] [3.3做单表格1.xls / 3.1做单表格-1杨] 第 12 行 快递单号=SF5128357259047 已存在, 跳过
2026-05-06 02:06:15 [INFO   ] [3.3做单表格1.xls / 3.1做单表格-1杨] 第 13 行 快递单号=YT7606018994704 已存在, 跳过
2026-05-06 02:06:15 [INFO   ] [3.3做单表格1.xls / 3.1做单表格-1杨] 第 14 行 快递单号=YT7606018357651 已存在, 跳过
2026-05-06 02:06:15 [INFO   ] [3.3做单表格1.xls / 3.1做单表格-1杨] 第 15 行 快递单号=YT7606017958347 已存在, 跳过
2026-05-06 02:06:15 [INFO   ] [3.3做单表格1.xls / 3.1做单表格-1杨] 第 16 行 快递单号=YT7606018409882 已存在, 跳过
2026-05-06 02:06:15 [INFO   ] [3.3做单表格1.xls / 3.1做单表格-1杨] 第 17 行 快递单号=YT7606016542460 已存在, 跳过
2026-05-06 02:06:15 [INFO   ] [3.3做单表格1.xls / 3.1做单表格-1杨] 第 18 行 快递单号=SF5128333591984 已存在, 跳过
2026-05-06 02:06:15 [INFO   ] [3.3做单表格1.xls / 3.1做单表格-2杨] 第 2 行 快递单号=SF5104301304987 已存在, 跳过
2026-05-06 02:06:15 [INFO   ] [3.3做单表格1.xls / 3.1做单表格-2杨] 第 3 行 快递单号=YT7605997358420 已存在, 跳过
2026-05-06 02:06:15 [INFO   ] [3.3做单表格1.xls / 3.1做单表格-2杨] 第 4 行 快递单号=YT7605999189019 已存在, 跳过
2026-05-06 02:06:15 [INFO   ] [3.3做单表格1.xls / 3.1做单表格-2杨] 第 5 行 快递单号=YT7606000606268 已存在, 跳过
2026-05-06 02:06:15 [INFO   ] [3.3做单表格1.xls / 3.1做单表格-2杨] 第 6 行 快递单号=YT7606002720317 已存在, 跳过
2026-05-06 02:06:15 [INFO   ] [3.3做单表格1.xls / 3.1做单表格-2杨] 第 7 行 快递单号=SF5128330268550 已存在, 跳过
2026-05-06 02:06:15 [INFO   ] [3.3做单表格1.xls / 3.1做单表格-2杨] 第 8 行 快递单号=SF5128334018047 已存在, 跳过
2026-05-06 02:06:15 [INFO   ] [3.3做单表格1.xls / 3.2做单表格-1杨] 第 2 行 快递单号=SF5128531162937 已存在, 跳过
2026-05-06 02:06:15 [INFO   ] [3.3做单表格1.xls / 3.2做单表格-1杨] 第 3 行 快递单号=SF5128531368228 已存在, 跳过
2026-05-06 02:06:15 [INFO   ] [3.3做单表格1.xls / 3.2做单表格-1杨] 第 4 行 快递单号=SF5104125174714 已存在, 跳过
2026-05-06 02:06:15 [INFO   ] [3.3做单表格1.xls / 3.2做单表格-1杨] 第 5 行 快递单号=SF5128531527807 已存在, 跳过
2026-05-06 02:06:15 [INFO   ] [3.3做单表格1.xls / 3.2做单表格-1杨] 第 6 行 快递单号=SF5128533707853 已存在, 跳过
2026-05-06 02:06:15 [INFO   ] [3.3做单表格1.xls / 3.2做单表格-1杨] 第 7 行 快递单号=SF5104125939462 已存在, 跳过
2026-05-06 02:06:15 [INFO   ] [3.3做单表格1.xls / 3.2做单表格-1杨] 第 8 行 快递单号=YT7606199773444 已存在, 跳过
2026-05-06 02:06:15 [INFO   ] [3.3做单表格1.xls / 3.2做单表格-1杨] 第 9 行 快递单号=SF5104125985254 已存在, 跳过
2026-05-06 02:06:15 [INFO   ] [3.3做单表格1.xls / 3.2做单表格-1杨] 第 10 行 快递单号=YT7606200026031 已存在, 跳过
2026-05-06 02:06:15 [INFO   ] [3.3做单表格1.xls / 3.2做单表格-1杨] 第 11 行 快递单号=YT7606198628163 已存在, 跳过
2026-05-06 02:06:15 [INFO   ] [3.3做单表格1.xls / 3.2做单表格-1杨] 第 12 行 快递单号=YT7606200130240 已存在, 跳过
2026-05-06 02:06:15 [INFO   ] [3.3做单表格1.xls / 3.2做单表格-1杨] 第 13 行 快递单号=SF5128535648862 已存在, 跳过
2026-05-06 02:06:15 [INFO   ] [3.3做单表格1.xls / 3.2做单表格-1杨] 第 14 行 快递单号=YT7606200921581 已存在, 跳过
2026-05-06 02:06:15 [INFO   ] [3.3做单表格1.xls / 3.2做单表格-1杨] 第 15 行 快递单号=YT7606202008778 已存在, 跳过
2026-05-06 02:06:15 [INFO   ] [3.3做单表格1.xls / 3.2做单表格-1杨] 第 16 行 快递单号=YT7606203041332
 已存在, 跳过
2026-05-06 02:06:15 [INFO   ] [3.3做单表格1.xls / 3.2做单表格-1杨] 第 17 行 快递单号=YT7606203125447
 已存在, 跳过
2026-05-06 02:06:15 [INFO   ] [3.3做单表格1.xls / 3.2做单表格-1杨] 第 18 行 快递单号=YT7606201481860
 已存在, 跳过
2026-05-06 02:06:15 [INFO   ] [3.3做单表格1.xls / 3.2做单表格-1杨] 第 19 行 快递单号=SF5104123158032
 已存在, 跳过
2026-05-06 02:06:15 [INFO   ] [3.3做单表格1.xls / 3.2做单表格-1杨] 第 20 行 快递单号=YT7606201415461 已存在, 跳过
2026-05-06 02:06:15 [INFO   ] [3.3做单表格1.xls / 3.2做单表格-1杨] 第 21 行 快递单号=YT7606202352330
 已存在, 跳过
2026-05-06 02:06:15 [INFO   ] [3.3做单表格1.xls / 3.2做单表格-1杨] 第 22 行 快递单号=YT7606201804670
 已存在, 跳过
2026-05-06 02:06:15 [INFO   ] [3.3做单表格1.xls / 3.2做单表格-1杨] 第 23 行 快递单号=SF5104123999212
 已存在, 跳过
2026-05-06 02:06:15 [INFO   ] [3.3做单表格1.xls / 3.2做单表格-1杨] 第 24 行 快递单号=YT7606201740565
 已存在, 跳过
2026-05-06 02:06:15 [INFO   ] [3.3做单表格1.xls / 3.2做单表格-1杨] 第 25 行 快递单号=SF5128557522567
 已存在, 跳过
2026-05-06 02:06:15 [INFO   ] [3.3做单表格1.xls / 3.2做单表格-1杨] 第 26 行 快递单号=YT7606199081859 已存在, 跳过
2026-05-06 02:06:15 [INFO   ] [3.3做单表格1.xls / 3.2做单表格-2杨] 第 2 行 快递单号=SF5121718179421 已存在, 跳过
2026-05-06 02:06:15 [INFO   ] [3.3做单表格1.xls / 3.2做单表格-2杨] 第 3 行 快递单号= SF5121718334889 已存在, 跳过
2026-05-06 02:06:15 [INFO   ] [3.3做单表格1.xls / 3.2做单表格-2杨] 第 4 行 快递单号= SF5121718503524 已存在, 跳过
2026-05-06 02:06:15 [INFO   ] [3.3做单表格1.xls / 3.2做单表格-2杨] 第 5 行 快递单号=SF5104008807516 已存在, 跳过
2026-05-06 02:06:15 [INFO   ] [3.3做单表格1.xls / 3.2做单表格-2杨] 第 6 行 快递单号=SF5121711797590 已存在, 跳过
2026-05-06 02:06:15 [INFO   ] [3.3做单表格1.xls / 3.2做单表格-2杨] 第 7 行 快递单号= SF5121711767741 已存在, 跳过
2026-05-06 02:06:15 [INFO   ] [3.3做单表格1.xls / 3.2做单表格-2杨] 第 8 行 快递单号= SF5121711714904 已存在, 跳过
2026-05-06 02:06:15 [INFO   ] [3.3做单表格1.xls / 3.2做单表格-2杨] 第 9 行 快递单号= SF5104095659958 已存在, 跳过
2026-05-06 02:06:15 [INFO   ] [3.3做单表格1.xls / 3.2做单表格-2杨] 第 10 行 快递单号= SF5121711909589 已存在, 跳过
2026-05-06 02:06:15 [INFO   ] [3.3做单表格1.xls / 3.2做单表格-2杨] 第 11 行 快递单号=SF5104095625538 已存在, 跳过
2026-05-06 02:06:15 [INFO   ] [3.3做单表格1.xls / 3.2做单表格-2杨] 第 12 行 快递单号= SF5104095688553 已存在, 跳过
2026-05-06 02:06:17 [INFO   ] [3.9做单表格-2杨.xls] 第 3 行 快递单号=SF5108318163144 已存在, 跳过
2026-05-06 02:06:23 [INFO   ] [3.20做单表格-1杨.xls] 第 52 行 快递单号=YT7609862380169 已存在, 跳过
2026-05-06 02:06:24 [INFO   ] [3.25做单表格-杨(4).xls] 第 17 行 快递单号=777394482276736 已存在, 跳过
2026-05-06 02:06:24 [DEBUG  ] [3.20做单表格-1杨.xls] 合并 (rows=51-52 cols=6-6) 跳过: 部分源行未导出
2026-05-06 02:06:24 [DEBUG  ] [3.25做单表格-杨(4).xls] 合并 (rows=16-17 cols=4-4) 跳过: 部分源行未导出
2026-05-06 02:06:24 [DEBUG  ] [3.25做单表格-杨(4).xls] 合并 (rows=16-17 cols=6-6) 跳过: 部分源行未导出
2026-05-06 02:06:25 [INFO   ] 已写入 /Users/lishengsheng/tmp/_out/3月汇总.xlsx: 数据行=1504, 嵌入图片=1487, 去重跳过=94, 合并单元格已应用=11, 跳过=3, 唯一快递单号=1482
2026-05-06 02:06:25 [INFO   ] 
2026-05-06 02:06:25 [INFO   ] ---------- 处理 4 月 (共 29 个文件) ----------
2026-05-06 02:06:25 [INFO   ] 解析: 4.1做单表格-杨.xls
2026-05-06 02:06:25 [DEBUG  ] [4.1做单表格-杨.xls sheet#0] 形状=47, 已定位行数=47, 顺移=0, 丢弃=0
2026-05-06 02:06:25 [INFO   ] [4.1做单表格-杨.xls sheet#0 '订单信息更新 (2)'] 数据行=47, 嵌入图片=47, 跳过空白=0  (BLIP仓库=11, 形状=47, 已定位=47)
2026-05-06 02:06:25 [INFO   ] 解析: 4.2做单表格-杨.xls
2026-05-06 02:06:25 [DEBUG  ] [4.2做单表格-杨.xls sheet#0] 形状=71, 已定位行数=71, 顺移=0, 丢弃=0
2026-05-06 02:06:25 [INFO   ] [4.2做单表格-杨.xls sheet#0 '订单信息更新 (2)'] 数据行=71, 嵌入图片=71, 跳过空白=0  (BLIP仓库=24, 形状=71, 已定位=71)
2026-05-06 02:06:25 [INFO   ] 解析: 4.3做单表格-杨.xls
2026-05-06 02:06:25 [DEBUG  ] [4.3做单表格-杨.xls sheet#0] 形状=64, 已定位行数=64, 顺移=0, 丢弃=0
2026-05-06 02:06:25 [INFO   ] [4.3做单表格-杨.xls sheet#0 '订单信息更新 (2)'] 数据行=64, 嵌入图片=64, 跳过空白=0  (BLIP仓库=21, 形状=64, 已定位=64)
2026-05-06 02:06:25 [INFO   ] 解析: 4.4做单表格-杨.xls
2026-05-06 02:06:25 [DEBUG  ] [4.4做单表格-杨.xls sheet#0] 形状=67, 已定位行数=67, 顺移=0, 丢弃=0
2026-05-06 02:06:25 [INFO   ] [4.4做单表格-杨.xls sheet#0 '订单信息更新 (2)'] 数据行=68, 嵌入图片=67, 跳过空白=0  (BLIP仓库=22, 形状=67, 已定位=67)
2026-05-06 02:06:25 [INFO   ] 解析: 4.5做单表格-杨.xls
2026-05-06 02:06:25 [DEBUG  ] [4.5做单表格-杨.xls sheet#0] 形状=79, 已定位行数=79, 顺移=0, 丢弃=0
2026-05-06 02:06:25 [INFO   ] [4.5做单表格-杨.xls sheet#0 '订单信息更新 (2)'] 数据行=79, 嵌入图片=79, 跳过空白=0  (BLIP仓库=22, 形状=79, 已定位=79)
2026-05-06 02:06:25 [INFO   ] 解析: 4.6做单表格-杨.xls
2026-05-06 02:06:25 [DEBUG  ] [4.6做单表格-杨.xls sheet#0] 形状=67, 已定位行数=67, 顺移=0, 丢弃=0
2026-05-06 02:06:25 [INFO   ] [4.6做单表格-杨.xls sheet#0 '订单信息更新 (2)'] 数据行=68, 嵌入图片=67, 跳过空白=0  (BLIP仓库=20, 形状=67, 已定位=67)
2026-05-06 02:06:25 [INFO   ] 解析: 4.7做单表格-杨.xls
2026-05-06 02:06:25 [WARNING] [4.7做单表格-杨.xls sheet#0] 第 4 行有 2 张多余图片, 后面 3 行均已占用, 已丢弃
2026-05-06 02:06:25 [DEBUG  ] [4.7做单表格-杨.xls sheet#0] 形状=67, 已定位行数=65, 顺移=0, 丢弃=2
2026-05-06 02:06:25 [INFO   ] [4.7做单表格-杨.xls sheet#0 '订单信息更新 (2)'] 数据行=65, 嵌入图片=65, 跳过空白=0  (BLIP仓库=21, 形状=67, 已定位=65)
2026-05-06 02:06:25 [INFO   ] 解析: 4.8做单表格-杨.xls
2026-05-06 02:06:25 [DEBUG  ] [4.8做单表格-杨.xls sheet#0] 形状=55, 已定位行数=55, 顺移=0, 丢弃=0
2026-05-06 02:06:25 [INFO   ] [4.8做单表格-杨.xls sheet#0 '订单信息更新 (2)'] 数据行=55, 嵌入图片=55, 跳过空白=0  (BLIP仓库=22, 形状=55, 已定位=55)
2026-05-06 02:06:25 [INFO   ] 解析: 4.9做单表格-杨.xls
2026-05-06 02:06:25 [WARNING] [4.9做单表格-杨.xls sheet#0] 第 6 行有 1 张多余图片, 后面 3 行均已占用, 已丢弃
2026-05-06 02:06:25 [DEBUG  ] [4.9做单表格-杨.xls sheet#0] 形状=24, 已定位行数=23, 顺移=0, 丢弃=1
2026-05-06 02:06:25 [INFO   ] [4.9做单表格-杨.xls sheet#0 '订单信息更新 (2)'] 数据行=23, 嵌入图片=23, 跳过空白=0  (BLIP仓库=13, 形状=24, 已定位=23)
2026-05-06 02:06:25 [INFO   ] 解析: 4.10做单表格-杨.xls
2026-05-06 02:06:25 [DEBUG  ] [4.10做单表格-杨.xls sheet#0] 形状=2, 已定位行数=2, 顺移=0, 丢弃=0
2026-05-06 02:06:25 [INFO   ] [4.10做单表格-杨.xls sheet#0 '订单信息更新 (2)'] 数据行=5, 嵌入图片=2, 跳过空白=0  (BLIP仓库=2, 形状=2, 已定位=2)
2026-05-06 02:06:25 [INFO   ] 解析: 4.11做单表格-杨.xls
2026-05-06 02:06:25 [DEBUG  ] [4.11做单表格-杨.xls sheet#0] 形状=25, 已定位行数=25, 顺移=0, 丢弃=0
2026-05-06 02:06:25 [INFO   ] [4.11做单表格-杨.xls sheet#0 '订单信息更新 (2)'] 数据行=26, 嵌入图片=25, 跳过空白=0  (BLIP仓库=16, 形状=25, 已定位=25)
2026-05-06 02:06:25 [INFO   ] 解析: 4.12做单表格-杨.xls
2026-05-06 02:06:25 [DEBUG  ] [4.12做单表格-杨.xls sheet#0] 形状=29, 已定位行数=29, 顺移=0, 丢弃=0
2026-05-06 02:06:25 [INFO   ] [4.12做单表格-杨.xls sheet#0 '订单信息更新 (2)'] 数据行=29, 嵌入图片=29, 跳过空白=0  (BLIP仓库=17, 形状=29, 已定位=29)
2026-05-06 02:06:25 [INFO   ] 解析: 4.13做单表格-杨.xls
2026-05-06 02:06:25 [DEBUG  ] [4.13做单表格-杨.xls sheet#0] 形状=27, 已定位行数=27, 顺移=0, 丢弃=0
2026-05-06 02:06:25 [INFO   ] [4.13做单表格-杨.xls sheet#0 '订单信息更新 (2)'] 数据行=28, 嵌入图片=27, 跳过空白=0  (BLIP仓库=18, 形状=27, 已定位=27)
2026-05-06 02:06:25 [INFO   ] 解析: 4.14做单表格-杨.xls
2026-05-06 02:06:25 [DEBUG  ] [4.14做单表格-杨.xls sheet#0] 形状=39, 已定位行数=39, 顺移=0, 丢弃=0
2026-05-06 02:06:25 [INFO   ] [4.14做单表格-杨.xls sheet#0 '订单信息更新 (2)'] 数据行=39, 嵌入图片=39, 跳过空白=0  (BLIP仓库=18, 形状=39, 已定位=39)
2026-05-06 02:06:25 [INFO   ] 解析: 4.15做单表格-杨.xls
2026-05-06 02:06:25 [DEBUG  ] [4.15做单表格-杨.xls sheet#0] 形状=33, 已定位行数=33, 顺移=0, 丢弃=0
2026-05-06 02:06:25 [INFO   ] [4.15做单表格-杨.xls sheet#0 '订单信息更新 (2)'] 数据行=33, 嵌入图片=33, 跳过空白=0  (BLIP仓库=17, 形状=33, 已定位=33)
2026-05-06 02:06:25 [INFO   ] 解析: 4.16做单表格-杨.xls
2026-05-06 02:06:25 [DEBUG  ] [4.16做单表格-杨.xls sheet#0] 形状=31, 已定位行数=31, 顺移=0, 丢弃=0
2026-05-06 02:06:25 [INFO   ] [4.16做单表格-杨.xls sheet#0 '订单信息更新 (2)'] 数据行=31, 嵌入图片=31, 跳过空白=0  (BLIP仓库=22, 形状=31, 已定位=31)
2026-05-06 02:06:25 [INFO   ] 解析: 4.17做单表格-杨.xls
2026-05-06 02:06:25 [DEBUG  ] [4.17做单表格-杨.xls sheet#0] 形状=27, 已定位行数=27, 顺移=0, 丢弃=0
2026-05-06 02:06:25 [INFO   ] [4.17做单表格-杨.xls sheet#0 '订单信息更新 (2)'] 数据行=29, 嵌入图片=27, 跳过空白=0  (BLIP仓库=17, 形状=27, 已定位=27)
2026-05-06 02:06:25 [INFO   ] 解析: 4.18做单表格-杨.xls
2026-05-06 02:06:25 [DEBUG  ] [4.18做单表格-杨.xls sheet#0] 形状=33, 已定位行数=33, 顺移=0, 丢弃=0
2026-05-06 02:06:25 [INFO   ] [4.18做单表格-杨.xls sheet#0 '订单信息更新 (2)'] 数据行=33, 嵌入图片=33, 跳过空白=0  (BLIP仓库=20, 形状=33, 已定位=33)
2026-05-06 02:06:25 [INFO   ] 解析: 4.19做单表格-杨.xls
2026-05-06 02:06:25 [DEBUG  ] [4.19做单表格-杨.xls sheet#0] 形状=44, 已定位行数=44, 顺移=0, 丢弃=0
2026-05-06 02:06:25 [INFO   ] [4.19做单表格-杨.xls sheet#0 '订单信息更新 (2)'] 数据行=45, 嵌入图片=44, 跳过空白=0  (BLIP仓库=27, 形状=44, 已定位=44)
2026-05-06 02:06:25 [INFO   ] 解析: 4.20做单表格-杨.xls
2026-05-06 02:06:25 [DEBUG  ] [4.20做单表格-杨.xls sheet#0] 形状=56, 已定位行数=56, 顺移=0, 丢弃=0
2026-05-06 02:06:25 [INFO   ] [4.20做单表格-杨.xls sheet#0 '订单信息更新 (2)'] 数据行=58, 嵌入图片=56, 跳过空白=0  (BLIP仓库=31, 形状=56, 已定位=56)
2026-05-06 02:06:25 [INFO   ] 解析: 4.21做单表格-杨.xls
2026-05-06 02:06:25 [DEBUG  ] [4.21做单表格-杨.xls sheet#0] 形状=53, 已定位行数=53, 顺移=0, 丢弃=0
2026-05-06 02:06:25 [INFO   ] [4.21做单表格-杨.xls sheet#0 '订单信息更新 (2)'] 数据行=53, 嵌入图片=53, 跳过空白=0  (BLIP仓库=27, 形状=53, 已定位=53)
2026-05-06 02:06:25 [INFO   ] 解析: 4.23做单表格-杨.xls
2026-05-06 02:06:25 [DEBUG  ] [4.23做单表格-杨.xls sheet#0] 形状=82, 已定位行数=82, 顺移=0, 丢弃=0
2026-05-06 02:06:25 [INFO   ] [4.23做单表格-杨.xls sheet#0 '订单信息更新 (2)'] 数据行=82, 嵌入图片=82, 跳过空白=0  (BLIP仓库=31, 形状=82, 已定位=82)
2026-05-06 02:06:25 [INFO   ] 解析: 4.24做单表格-杨(1).xls
2026-05-06 02:06:25 [DEBUG  ] [4.24做单表格-杨(1).xls sheet#0] 形状=61, 已定位行数=61, 顺移=0, 丢弃=0
2026-05-06 02:06:25 [INFO   ] [4.24做单表格-杨(1).xls sheet#0 '订单信息更新 (2)'] 数据行=61, 嵌入图片=61, 跳过空白=0  (BLIP仓库=26, 形状=61, 已定位=61)
2026-05-06 02:06:25 [INFO   ] 解析: 4.25做单表格-杨(1).xls
2026-05-06 02:06:25 [DEBUG  ] [4.25做单表格-杨(1).xls sheet#0] 形状=76, 已定位行数=76, 顺移=0, 丢弃=0
2026-05-06 02:06:25 [INFO   ] [4.25做单表格-杨(1).xls sheet#0 '订单信息更新 (2)'] 数据行=78, 嵌入图片=76, 跳过空白=0  (BLIP仓库=41, 形状=76, 已定位=76)
2026-05-06 02:06:25 [INFO   ] 解析: 4.26做单表格-杨(1).xls
2026-05-06 02:06:25 [DEBUG  ] [4.26做单表格-杨(1).xls sheet#0] 形状=88, 已定位行数=88, 顺移=0, 丢弃=0
2026-05-06 02:06:25 [INFO   ] [4.26做单表格-杨(1).xls sheet#0 '订单信息更新 (2)'] 数据行=89, 嵌入图片=88, 跳过空白=0  (BLIP仓库=27, 形状=88, 已定位=88)
2026-05-06 02:06:25 [INFO   ] 解析: 4.27做单表格-杨(1).xls
2026-05-06 02:06:25 [DEBUG  ] [4.27做单表格-杨(1).xls sheet#0] 形状=107, 已定位行数=107, 顺移=0, 丢弃=0
2026-05-06 02:06:25 [INFO   ] [4.27做单表格-杨(1).xls sheet#0 '订单信息更新 (2)'] 数据行=108, 嵌入图片=107, 跳过空白=0  (BLIP仓库=31, 形状=107, 已定位=107)
2026-05-06 02:06:25 [INFO   ] 解析: 4.28做单表格-杨(2).xls
2026-05-06 02:06:25 [DEBUG  ] [4.28做单表格-杨(2).xls sheet#0] 形状=143, 已定位行数=143, 顺移=0, 丢弃=0
2026-05-06 02:06:25 [INFO   ] [4.28做单表格-杨(2).xls sheet#0 '订单信息更新 (2)'] 数据行=144, 嵌入图片=143, 跳过空白=0  (BLIP仓库=42, 形状=143, 已定位=143)
2026-05-06 02:06:25 [INFO   ] 解析: 4.29做单表格-杨(1).xls
2026-05-06 02:06:25 [DEBUG  ] [4.29做单表格-杨(1).xls sheet#0] 形状=98, 已定位行数=98, 顺移=0, 丢弃=0
2026-05-06 02:06:25 [INFO   ] [4.29做单表格-杨(1).xls sheet#0 '订单信息更新 (2)'] 数据行=98, 嵌入图片=98, 跳过空白=0  (BLIP仓库=34, 形状=98, 已定位=98)
2026-05-06 02:06:25 [INFO   ] 解析: 4.30做单表格-杨(1)(2).xls
2026-05-06 02:06:25 [WARNING] [4.30做单表格-杨(1)(2).xls sheet#0] 第 28 行有 1 张多余图片, 后面 3 行均已占用, 已丢弃
2026-05-06 02:06:25 [DEBUG  ] [4.30做单表格-杨(1)(2).xls sheet#0] 形状=78, 已定位行数=77, 顺移=0, 丢弃=1
2026-05-06 02:06:25 [INFO   ] [4.30做单表格-杨(1)(2).xls sheet#0 '订单信息更新 (2)'] 数据行=77, 嵌入图片=77, 跳过空白=0  (BLIP仓库=33, 形状=78, 已定位=77)
2026-05-06 02:06:25 [INFO   ] 4 月: 29 个文件 (29 个 sheet), 1686 条数据行 (去重前), 写入 4月汇总.xlsx
2026-05-06 02:06:27 [INFO   ] [4.4做单表格-杨.xls] 第 2 行 快递单号=777396236426578 已存在, 跳过
2026-05-06 02:06:33 [INFO   ] [4.23做单表格-杨.xls] 第 62 行 快递单号=777403268689549 已存在, 跳过
2026-05-06 02:06:39 [INFO   ] 已写入 /Users/lishengsheng/tmp/_out/4月汇总.xlsx: 数据行=1684, 嵌入图片=1667, 去重跳过=2, 合并单元格已应用=4, 跳过=0, 唯一快递单号=1684
2026-05-06 02:06:39 [INFO   ] 
2026-05-06 02:06:39 [INFO   ] ---------- 处理 5 月 (共 4 个文件) ----------
2026-05-06 02:06:39 [INFO   ] 解析: 5.1做单表格-杨(1).xls
2026-05-06 02:06:39 [DEBUG  ] [5.1做单表格-杨(1).xls sheet#0] 形状=64, 已定位行数=64, 顺移=0, 丢弃=0
2026-05-06 02:06:39 [INFO   ] [5.1做单表格-杨(1).xls sheet#0 '订单信息更新 (2)'] 数据行=66, 嵌入图片=64, 跳过空白=0  (BLIP仓库=23, 形状=64, 已定位=64)
2026-05-06 02:06:39 [INFO   ] 解析: 5.2做单表格-杨(1).xls
2026-05-06 02:06:39 [DEBUG  ] [5.2做单表格-杨(1).xls sheet#0] 形状=65, 已定位行数=65, 顺移=0, 丢弃=0
2026-05-06 02:06:39 [INFO   ] [5.2做单表格-杨(1).xls sheet#0 '订单信息更新 (2)'] 数据行=66, 嵌入图片=65, 跳过空白=0  (BLIP仓库=24, 形状=65, 已定位=65)
2026-05-06 02:06:39 [INFO   ] 解析: 5.3做单表格-杨(1)(1).xls
2026-05-06 02:06:39 [DEBUG  ] [5.3做单表格-杨(1)(1).xls sheet#0] 形状=65, 已定位行数=65, 顺移=0, 丢弃=0
2026-05-06 02:06:39 [INFO   ] [5.3做单表格-杨(1)(1).xls sheet#0 '订单信息更新 (2)'] 数据行=65, 嵌入图片=65, 跳过空白=0  (BLIP仓库=26, 形状=65, 已定位=65)
2026-05-06 02:06:39 [INFO   ] 解析: 5.4做单表格-杨(1).xls
2026-05-06 02:06:39 [DEBUG  ] [5.4做单表格-杨(1).xls sheet#0] 形状=54, 已定位行数=54, 顺移=0, 丢弃=0
2026-05-06 02:06:39 [INFO   ] [5.4做单表格-杨(1).xls sheet#0 '订单信息更新 (2)'] 数据行=54, 嵌入图片=54, 跳过空白=0  (BLIP仓库=28, 形状=54, 已定位=54)
2026-05-06 02:06:39 [INFO   ] 5 月: 4 个文件 (4 个 sheet), 251 条数据行 (去重前), 写入 5月汇总.xlsx
2026-05-06 02:06:41 [INFO   ] 已写入 /Users/lishengsheng/tmp/_out/5月汇总.xlsx: 数据行=251, 嵌入图片=248, 去重跳过=0, 合并单元格已应用=1, 跳过=0, 唯一快递单号=251
2026-05-06 02:06:41 [INFO   ] 
2026-05-06 02:06:41 [INFO   ] 全部完成。详细日志: /Users/lishengsheng/tmp/_out/merge.log
